15:46:32.956 [main                     ] DEBUG Logger               - Configured Logger
15:46:32.987 [main                     ] DEBUG GameApplication      - Logging settings
Title: Ping Pong
Version: 1.1
Width: 800
Height: 600
Fullscreen: false
Intro: false
Profiling: false
Single step:false
App Mode: DEVELOPER
Menu Key: ESCAPE
Stage Style: DECORATED
Scene Factory: class com.PongSceneFactory

15:46:33.515 [JavaFX Application Thread] DEBUG FXGLApplication      - Initializing FXGL
15:46:33.521 [JavaFX Application Thread] INFO  Engine               - FXGL-17.3 (30.03.2023 11.49) on WINDOWS (J:17.0.12 FX:17.0.6)
15:46:33.521 [JavaFX Application Thread] DEBUG Engine               - JRE Vendor Name: Microsoft
15:46:33.522 [JavaFX Application Thread] DEBUG Engine               - Running on OS: Windows 11 version 10.0
15:46:33.522 [JavaFX Application Thread] DEBUG Engine               - Architecture: amd64
15:46:33.522 [JavaFX Application Thread] INFO  Engine               - Source code and latest versions at: https://github.com/AlmasB/FXGL
15:46:33.522 [JavaFX Application Thread] INFO  Engine               -       Ask questions and discuss at: https://github.com/AlmasB/FXGL/discussions
15:46:33.522 [JavaFX Application Thread] INFO  Engine               -              Join the FXGL chat at: https://gitter.im/AlmasB/FXGL
15:46:33.618 [JavaFX Application Thread] DEBUG PrimaryStageWindow   - Creating a JavaFX scene
15:46:33.665 [JavaFX Application Thread] DEBUG PrimaryStageWindow   - Target settings size: 800.0 x 600.0
15:46:33.666 [JavaFX Application Thread] DEBUG PrimaryStageWindow   - Scaled scene size:    800.0 x 600.0
15:46:33.666 [JavaFX Application Thread] DEBUG PrimaryStageWindow   - Scaled ratio: (1.0, 1.0)
15:46:33.667 [JavaFX Application Thread] DEBUG PrimaryStageWindow   - Set initial scene to FXGLStartupScene
15:46:33.675 [JavaFX Application Thread] DEBUG PrimaryStageWindow   - Opening main window
15:46:33.814 [JavaFX Application Thread] DEBUG PrimaryStageWindow   - Window border size: (22.0, 56.0)
15:46:33.814 [JavaFX Application Thread] DEBUG PrimaryStageWindow   - Scaled size: 800.0 x 600.0
15:46:33.814 [JavaFX Application Thread] DEBUG PrimaryStageWindow   - Scaled ratio: (1.0, 1.0)
15:46:33.815 [JavaFX Application Thread] DEBUG PrimaryStageWindow   - Scene size: 800.0 x 600.0
15:46:33.815 [JavaFX Application Thread] DEBUG PrimaryStageWindow   - Stage size: 822.0 x 656.0
15:46:33.823 [FXGL Background Thread 1 ] DEBUG Engine               - Initializing environment variables
15:46:33.861 [FXGL Background Thread 1 ] DEBUG FXGLAssetLoaderServi - User app class for loading assets: class com.PongApp
15:46:33.862 [FXGL Background Thread 1 ] DEBUG GameApplicationServi - Applying CSS: fxgl_dark.css
15:46:33.863 [FXGL Background Thread 1 ] DEBUG FXGLAssetLoaderServi - Loading from file system: jar:file:///C:/Users/SUN/.m2/repository/com/github/almasb/fxgl/17.3/fxgl-17.3.jar!/fxglassets/ui/css/fxgl_dark.css
15:46:33.914 [FXGL Background Thread 1 ] DEBUG GameApplicationServi - Initializing application scenes
15:46:33.998 [FXGL Background Thread 1 ] DEBUG GameWorld            - Game world initialized
15:46:34.051 [FXGL Background Thread 1 ] DEBUG PhysicsWorld         - Physics world initialized: appHeight=600, physics.ppm=50.0
15:46:34.051 [FXGL Background Thread 1 ] DEBUG PhysicsWorld         - Using strategy: BRUTE_FORCE
15:46:34.056 [FXGL Background Thread 1 ] DEBUG GameScene            - Game scene initialized: 800x600
15:46:34.069 [FXGL Background Thread 1 ] DEBUG FXGL.DefaultMenu     - createMenuBodyGameMenu()
15:46:34.084 [FXGL Background Thread 1 ] DEBUG FXGL.DefaultMenu     - createOptionsMenu()
15:46:34.095 [FXGL Background Thread 1 ] DEBUG FXGLAssetLoaderServi - Loading from file system: jar:file:///C:/Users/SUN/.m2/repository/com/github/almasb/fxgl/17.3/fxgl-17.3.jar!/fxglassets/textures/particles/smoke.png
15:46:34.186 [FXGL Background Thread 1 ] DEBUG FXGLAssetLoaderServi - Loading from file system: jar:file:///C:/Users/SUN/.m2/repository/com/github/almasb/fxgl/17.3/fxgl-17.3.jar!/fxglassets/textures/particles/trace_horizontal.png
15:46:34.226 [FXGL Background Thread 1 ] DEBUG GameApplicationServi - Application scenes initialized
15:46:34.238 [FXGL Background Thread 1 ] DEBUG SystemBundleService  - Loading FXGL system data
15:46:34.243 [FXGL Background Thread 1 ] DEBUG FileSystemAccess     - Reading from: D:\Codes\Java\PingPong\system\fxgl.bundle
15:46:34.252 [FXGL Background Thread 1 ] DEBUG SystemBundleService  - Bundle FXGL: {}
15:46:34.252 [FXGL Background Thread 1 ] DEBUG UpdaterService       - Checking for updates
15:46:34.256 [FXGL Background Thread 4 ] DEBUG FXGLApplication      - Loading fonts
15:46:34.256 [FXGL Background Thread 1 ] DEBUG FXGLApplication      - Loading default localization
15:46:34.256 [FXGL Background Thread 4 ] DEBUG FXGLAssetLoaderServi - Loading from file system: jar:file:///C:/Users/SUN/.m2/repository/com/github/almasb/fxgl/17.3/fxgl-17.3.jar!/fxglassets/ui/fonts/VarelaRound-Regular.ttf
15:46:34.257 [FXGL Background Thread 1 ] DEBUG FXGLAssetLoaderServi - Loading from file system: jar:file:///C:/Users/SUN/.m2/repository/com/github/almasb/fxgl/17.3/fxgl-17.3.jar!/fxglassets/languages/english.lang
15:46:34.281 [FXGL Background Thread 1 ] INFO  FXGLApplication      - FXGL initialization took: 0.457 sec
15:46:34.288 [JavaFX Application Thread] DEBUG Input                - Registered new binding: Player 1 Up - W
15:46:34.288 [JavaFX Application Thread] DEBUG Input                - Registered new binding: Player 1 Down - S
15:46:34.289 [JavaFX Application Thread] DEBUG Input                - Registered new binding: Player 2 Up - Up
15:46:34.289 [JavaFX Application Thread] DEBUG Input                - Registered new binding: Player 2 Down - Down
15:46:34.289 [JavaFX Application Thread] DEBUG FXGLAssetLoaderServi - Loading from file system: jar:file:///C:/Users/SUN/.m2/repository/com/github/almasb/fxgl/17.3/fxgl-17.3.jar!/fxglassets/textures/fxgl_icon.png
15:46:34.315 [JavaFX Application Thread] DEBUG FXGLAssetLoaderServi - Loading from file system: jar:file:///C:/Users/SUN/.m2/repository/com/github/almasb/fxgl/17.3/fxgl-17.3.jar!/fxglassets/textures/fxgl_default_cursor.png
15:46:34.317 [JavaFX Application Thread] DEBUG Input                - Registered new binding: Screenshot - CTRL+8
15:46:34.318 [JavaFX Application Thread] DEBUG Input                - Registered new binding: System info dump - CTRL+9
15:46:34.318 [JavaFX Application Thread] DEBUG Input                - Registered new binding: Restart - CTRL+R
15:46:34.319 [JavaFX Application Thread] DEBUG Input                - Registered new binding: Toggle Debug Camera - CTRL+7
15:46:34.322 [JavaFX Application Thread] DEBUG LoopRunner           - Starting loop
15:46:34.322 [JavaFX Application Thread] DEBUG LoopRunner           - Initializing JavaFX AnimationTimerLoop
15:46:34.326 [JavaFX Application Thread] DEBUG Input                - Clearing active input actions
15:46:34.334 [JavaFX Application Thread] DEBUG GameApplicationServi - Removing overlay from FXGLStartupScene and adding to FXGLMainMenuDummyScene
15:46:34.335 [JavaFX Application Thread] DEBUG PrimaryStageWindow   - FXGLStartupScene -> FXGLMainMenuDummyScene
15:46:34.335 [JavaFX Application Thread] DEBUG PrimaryStageWindow   - Push state: 
15:46:34.342 [FXGL Background Thread 4 ] DEBUG FXGLAssetLoaderServi - Loading from file system: jar:file:///C:/Users/SUN/.m2/repository/com/github/almasb/fxgl/17.3/fxgl-17.3.jar!/fxglassets/ui/fonts/Abel-Regular.ttf
15:46:34.345 [FXGL Background Thread 4 ] DEBUG FXGLAssetLoaderServi - Loading from file system: jar:file:///C:/Users/SUN/.m2/repository/com/github/almasb/fxgl/17.3/fxgl-17.3.jar!/fxglassets/ui/fonts/TerminalLandMono-Regular.otf
15:46:34.346 [JavaFX Application Thread] DEBUG Input                - Clearing active input actions
15:46:34.350 [FXGL Background Thread 4 ] DEBUG FXGLAssetLoaderServi - Loading from file system: jar:file:///C:/Users/SUN/.m2/repository/com/github/almasb/fxgl/17.3/fxgl-17.3.jar!/fxglassets/ui/fonts/Courier-Prime.ttf
15:46:34.350 [JavaFX Application Thread] DEBUG GameApplicationServi - Removing overlay from FXGLMainMenuDummyScene and adding to 
15:46:34.351 [JavaFX Application Thread] DEBUG PrimaryStageWindow   - FXGLMainMenuDummyScene -> 
15:46:34.418 [JavaFX Application Thread] DEBUG FXGLApplication      - Registering font factories with UI factory
15:46:36.194 [JavaFX Application Thread] DEBUG GameApplicationServi - Starting new game
15:46:36.194 [JavaFX Application Thread] DEBUG PrimaryStageWindow   - Pop state: 
15:46:36.194 [JavaFX Application Thread] DEBUG Input                - Clearing active input actions
15:46:36.195 [JavaFX Application Thread] DEBUG GameApplicationServi - Removing overlay from  and adding to FXGLMainMenuDummyScene
15:46:36.195 [JavaFX Application Thread] DEBUG PrimaryStageWindow   - FXGLMainMenuDummyScene <- 
15:46:36.195 [JavaFX Application Thread] DEBUG Input                - Clearing active input actions
15:46:36.202 [JavaFX Application Thread] DEBUG GameApplicationServi - Removing overlay from FXGLMainMenuDummyScene and adding to FXGLLoadingScene
15:46:36.203 [JavaFX Application Thread] DEBUG PrimaryStageWindow   - FXGLMainMenuDummyScene -> FXGLLoadingScene
15:46:36.203 [JavaFX Application Thread] DEBUG GameApplicationServi - Clearing previous game
15:46:36.203 [JavaFX Application Thread] DEBUG GameScene            - Clearing game scene
15:46:36.203 [JavaFX Application Thread] DEBUG GameWorld            - Clearing game world
15:46:36.203 [JavaFX Application Thread] DEBUG PhysicsWorld         - Clearing physics world
15:46:36.204 [FXGL Background Thread 4 ] DEBUG FXGLApplication      - Initializing game
15:46:36.206 [FXGL Background Thread 4 ] DEBUG FXGLAssetLoaderServi - Loading from file system: file:/D:/Codes/Java/PingPong/target/classes/assets/sounds/hit_bat_new.wav
15:46:36.298 [FXGL Background Thread 4 ] DEBUG FXGLAssetLoaderServi - Loading from file system: file:/D:/Codes/Java/PingPong/target/classes/assets/sounds/hit_wall_new.wav
15:46:36.341 [FXGL Background Thread 4 ] WARN  Entity               - Entity already has component: com.almasb.fxgl.physics.PhysicsComponent
15:46:36.346 [FXGL Background Thread 4 ] INFO  FXGLApplication      - Game initialization took: 0.141 sec
15:46:36.346 [JavaFX Application Thread] DEBUG Input                - Clearing active input actions
15:46:36.351 [JavaFX Application Thread] DEBUG GameApplicationServi - Removing overlay from FXGLLoadingScene and adding to GameScene
15:46:36.351 [JavaFX Application Thread] DEBUG PrimaryStageWindow   - FXGLLoadingScene -> GameScene
15:46:37.256 [FXGL Background Thread 3 ] DEBUG Engine               - Logging environment variables
15:46:37.257 [FXGL Background Thread 3 ] DEBUG Engine               - achievements: []
15:46:37.257 [FXGL Background Thread 3 ] DEBUG Engine               - actualHeight: 600.0
15:46:37.257 [FXGL Background Thread 3 ] DEBUG Engine               - actualHeightProperty: ReadOnlyDoubleProperty [value: 600.0]
15:46:37.257 [FXGL Background Thread 3 ] DEBUG Engine               - actualWidth: 800.0
15:46:37.257 [FXGL Background Thread 3 ] DEBUG Engine               - actualWidthProperty: ReadOnlyDoubleProperty [value: 800.0]
15:46:37.257 [FXGL Background Thread 3 ] DEBUG Engine               - appIcon: fxgl_icon.png
15:46:37.257 [FXGL Background Thread 3 ] DEBUG Engine               - applicationMode: DEVELOPER
15:46:37.257 [FXGL Background Thread 3 ] DEBUG Engine               - cSSList: [fxgl_dark.css]
15:46:37.257 [FXGL Background Thread 3 ] DEBUG Engine               - collisionDetectionStrategy: BRUTE_FORCE
15:46:37.257 [FXGL Background Thread 3 ] DEBUG Engine               - configClass: Optional.empty
15:46:37.257 [FXGL Background Thread 3 ] DEBUG Engine               - credits: []
15:46:37.258 [FXGL Background Thread 3 ] DEBUG Engine               - defaultCursor: CursorInfo(imageName=fxgl_default_cursor.png, hotspotX=7.0, hotspotY=6.0)
15:46:37.258 [FXGL Background Thread 3 ] DEBUG Engine               - devBBoxColorProperty: ObjectProperty [value: 0xff0000ff]
15:46:37.258 [FXGL Background Thread 3 ] DEBUG Engine               - devEnableDebugCameraProperty: BooleanProperty [value: false]
15:46:37.258 [FXGL Background Thread 3 ] DEBUG Engine               - devSensorColorProperty: ObjectProperty [value: 0xffff00ff]
15:46:37.258 [FXGL Background Thread 3 ] DEBUG Engine               - devShowBBoxProperty: BooleanProperty [value: false]
15:46:37.259 [FXGL Background Thread 3 ] DEBUG Engine               - devShowPositionProperty: BooleanProperty [value: false]
15:46:37.259 [FXGL Background Thread 3 ] DEBUG Engine               - enabledMenuItems: []
15:46:37.259 [FXGL Background Thread 3 ] DEBUG Engine               - engineServices: [class com.almasb.fxgl.app.services.FXGLAssetLoaderService, class com.almasb.fxgl.app.FXGLApplication$GameApplicationService, class com.almasb.fxgl.app.services.FXGLDialogService, class com.almasb.fxgl.app.services.IOTaskExecutorService, class com.almasb.fxgl.io.FileSystemService, class com.almasb.fxgl.localization.LocalizationService, class com.almasb.fxgl.app.services.SystemBundleService, class com.almasb.fxgl.profile.SaveLoadService, class com.almasb.fxgl.ui.FXGLUIFactoryServiceProvider, class com.almasb.fxgl.ui.FXGLDialogFactoryServiceProvider, class com.almasb.fxgl.audio.AudioPlayer, class com.almasb.fxgl.notification.impl.NotificationServiceProvider, class com.almasb.fxgl.achievement.AchievementService, class com.almasb.fxgl.cutscene.CutsceneService, class com.almasb.fxgl.minigames.MiniGameService, class com.almasb.fxgl.net.NetService, class com.almasb.fxgl.app.services.UpdaterService, class com.almasb.fxgl.dev.DevService]
15:46:37.259 [FXGL Background Thread 3 ] DEBUG Engine               - fontGame: Abel-Regular.ttf
15:46:37.259 [FXGL Background Thread 3 ] DEBUG Engine               - fontMono: TerminalLandMono-Regular.otf
15:46:37.259 [FXGL Background Thread 3 ] DEBUG Engine               - fontSizeScaleUI: 1.0
15:46:37.259 [FXGL Background Thread 3 ] DEBUG Engine               - fontText: Courier-Prime.ttf
15:46:37.259 [FXGL Background Thread 3 ] DEBUG Engine               - fontUI: VarelaRound-Regular.ttf
15:46:37.259 [FXGL Background Thread 3 ] DEBUG Engine               - fullScreen: BooleanProperty [value: false]
15:46:37.259 [FXGL Background Thread 3 ] DEBUG Engine               - gameDifficulty: MEDIUM
15:46:37.259 [FXGL Background Thread 3 ] DEBUG Engine               - gameDifficultyProperty: ObjectProperty [value: MEDIUM]
15:46:37.259 [FXGL Background Thread 3 ] DEBUG Engine               - globalMusicVolume: 0.5
15:46:37.259 [FXGL Background Thread 3 ] DEBUG Engine               - globalMusicVolumeProperty: DoubleProperty [value: 0.5]
15:46:37.260 [FXGL Background Thread 3 ] DEBUG Engine               - globalSoundVolume: 0.5
15:46:37.260 [FXGL Background Thread 3 ] DEBUG Engine               - globalSoundVolumeProperty: DoubleProperty [value: 0.5]
15:46:37.260 [FXGL Background Thread 3 ] DEBUG Engine               - height: 600
15:46:37.260 [FXGL Background Thread 3 ] DEBUG Engine               - is3D: false
15:46:37.260 [FXGL Background Thread 3 ] DEBUG Engine               - isAndroid: false
15:46:37.260 [FXGL Background Thread 3 ] DEBUG Engine               - isBrowser: false
15:46:37.260 [FXGL Background Thread 3 ] DEBUG Engine               - isClickFeedbackEnabled: false
15:46:37.260 [FXGL Background Thread 3 ] DEBUG Engine               - isCloseConfirmation: false
15:46:37.260 [FXGL Background Thread 3 ] DEBUG Engine               - isDesktop: true
15:46:37.260 [FXGL Background Thread 3 ] DEBUG Engine               - isDeveloperMenuEnabled: false
15:46:37.260 [FXGL Background Thread 3 ] DEBUG Engine               - isEmbedded: false
15:46:37.260 [FXGL Background Thread 3 ] DEBUG Engine               - isEntityPreloadEnabled: true
15:46:37.260 [FXGL Background Thread 3 ] DEBUG Engine               - isExperimentalTiledLargeMap: false
15:46:37.260 [FXGL Background Thread 3 ] DEBUG Engine               - isFileSystemWriteAllowed: true
15:46:37.260 [FXGL Background Thread 3 ] DEBUG Engine               - isFullScreenAllowed: false
15:46:37.261 [FXGL Background Thread 3 ] DEBUG Engine               - isFullScreenFromStart: false
15:46:37.261 [FXGL Background Thread 3 ] DEBUG Engine               - isGameMenuEnabled: true
15:46:37.261 [FXGL Background Thread 3 ] DEBUG Engine               - isIOS: false
15:46:37.261 [FXGL Background Thread 3 ] DEBUG Engine               - isIntroEnabled: false
15:46:37.261 [FXGL Background Thread 3 ] DEBUG Engine               - isLinux: false
15:46:37.261 [FXGL Background Thread 3 ] DEBUG Engine               - isMac: false
15:46:37.261 [FXGL Background Thread 3 ] DEBUG Engine               - isMainMenuEnabled: true
15:46:37.261 [FXGL Background Thread 3 ] DEBUG Engine               - isManualResizeEnabled: true
15:46:37.261 [FXGL Background Thread 3 ] DEBUG Engine               - isMobile: false
15:46:37.261 [FXGL Background Thread 3 ] DEBUG Engine               - isNative: false
15:46:37.261 [FXGL Background Thread 3 ] DEBUG Engine               - isPauseMusicWhenMinimized: true
15:46:37.261 [FXGL Background Thread 3 ] DEBUG Engine               - isPreserveResizeRatio: false
15:46:37.261 [FXGL Background Thread 3 ] DEBUG Engine               - isProfilingEnabled: false
15:46:37.261 [FXGL Background Thread 3 ] DEBUG Engine               - isScaleAffectedOnResize: true
15:46:37.261 [FXGL Background Thread 3 ] DEBUG Engine               - isSingleStep: false
15:46:37.261 [FXGL Background Thread 3 ] DEBUG Engine               - isUserProfileEnabled: false
15:46:37.261 [FXGL Background Thread 3 ] DEBUG Engine               - isWindows: true
15:46:37.261 [FXGL Background Thread 3 ] DEBUG Engine               - language: ObjectProperty [value: ENGLISH]
15:46:37.261 [FXGL Background Thread 3 ] DEBUG Engine               - menuKey: ESCAPE
15:46:37.261 [FXGL Background Thread 3 ] DEBUG Engine               - mouseSensitivity: 0.2
15:46:37.261 [FXGL Background Thread 3 ] DEBUG Engine               - notificationViewClass: class com.almasb.fxgl.notification.view.XboxNotificationView
15:46:37.261 [FXGL Background Thread 3 ] DEBUG Engine               - pixelsPerMeter: 50.0
15:46:37.261 [FXGL Background Thread 3 ] DEBUG Engine               - platform: WINDOWS
15:46:37.261 [FXGL Background Thread 3 ] DEBUG Engine               - prefHeightProperty: ReadOnlyDoubleProperty [value: 600.0]
15:46:37.261 [FXGL Background Thread 3 ] DEBUG Engine               - prefWidthProperty: ReadOnlyDoubleProperty [value: 800.0]
15:46:37.261 [FXGL Background Thread 3 ] DEBUG Engine               - profileDir: profiles/
15:46:37.261 [FXGL Background Thread 3 ] DEBUG Engine               - profileName: StringProperty [value: DEFAULT]
15:46:37.261 [FXGL Background Thread 3 ] DEBUG Engine               - randomSeed: -1
15:46:37.262 [FXGL Background Thread 3 ] DEBUG Engine               - runtimeInfo: RuntimeInfo(platform=WINDOWS, version=17.3, build=30.03.2023 11.49)
15:46:37.263 [FXGL Background Thread 3 ] DEBUG Engine               - saveFileExt: sav
15:46:37.263 [FXGL Background Thread 3 ] DEBUG Engine               - scaledHeightProp$fxgl: DoubleProperty [bound, value: 600.0]
15:46:37.263 [FXGL Background Thread 3 ] DEBUG Engine               - scaledWidthProp$fxgl: DoubleProperty [bound, value: 800.0]
15:46:37.263 [FXGL Background Thread 3 ] DEBUG Engine               - sceneFactory: com.PongSceneFactory@7427d569
15:46:37.263 [FXGL Background Thread 3 ] DEBUG Engine               - secondsIn24h: 60
15:46:37.263 [FXGL Background Thread 3 ] DEBUG Engine               - soundMenuBack: menu/back.wav
15:46:37.263 [FXGL Background Thread 3 ] DEBUG Engine               - soundMenuPress: menu/press.wav
15:46:37.263 [FXGL Background Thread 3 ] DEBUG Engine               - soundMenuSelect: menu/select.wav
15:46:37.263 [FXGL Background Thread 3 ] DEBUG Engine               - soundNotification: core/notification.wav
15:46:37.263 [FXGL Background Thread 3 ] DEBUG Engine               - stageStyle: DECORATED
15:46:37.263 [FXGL Background Thread 3 ] DEBUG Engine               - supportedLanguages: [ENGLISH, FRENCH, GERMAN, HUNGARIAN, RUSSIAN]
15:46:37.263 [FXGL Background Thread 3 ] DEBUG Engine               - ticksPerSecond: -1
15:46:37.263 [FXGL Background Thread 3 ] DEBUG Engine               - title: Ping Pong
15:46:37.263 [FXGL Background Thread 3 ] DEBUG Engine               - urlGithub: https://github.com/AlmasB/FXGL
15:46:37.263 [FXGL Background Thread 3 ] DEBUG Engine               - urlLeaderboard: http://fxgl-top.herokuapp.com/
15:46:37.263 [FXGL Background Thread 3 ] DEBUG Engine               - urlPOM: https://raw.githubusercontent.com/AlmasB/FXGL/release/README.md
15:46:37.263 [FXGL Background Thread 3 ] DEBUG Engine               - userAppClass: class com.PongApp
15:46:37.263 [FXGL Background Thread 3 ] DEBUG Engine               - version: 1.1
15:46:37.263 [FXGL Background Thread 3 ] DEBUG Engine               - versionCheckDays: 7
15:46:37.263 [FXGL Background Thread 3 ] DEBUG Engine               - width: 800
15:46:37.263 [FXGL Background Thread 3 ] DEBUG Engine               - Logging services
15:46:37.263 [FXGL Background Thread 3 ] DEBUG Engine               - class com.almasb.fxgl.app.services.FXGLAssetLoaderService
15:46:37.263 [FXGL Background Thread 3 ] DEBUG Engine               - class com.almasb.fxgl.app.FXGLApplication$GameApplicationService
15:46:37.263 [FXGL Background Thread 3 ] DEBUG Engine               - class com.almasb.fxgl.app.services.FXGLDialogService
15:46:37.263 [FXGL Background Thread 3 ] DEBUG Engine               - class com.almasb.fxgl.app.services.IOTaskExecutorService
15:46:37.263 [FXGL Background Thread 3 ] DEBUG Engine               - class com.almasb.fxgl.io.FileSystemService
15:46:37.263 [FXGL Background Thread 3 ] DEBUG Engine               - class com.almasb.fxgl.localization.LocalizationService
15:46:37.263 [FXGL Background Thread 3 ] DEBUG Engine               - class com.almasb.fxgl.app.services.SystemBundleService
15:46:37.263 [FXGL Background Thread 3 ] DEBUG Engine               - class com.almasb.fxgl.profile.SaveLoadService
15:46:37.263 [FXGL Background Thread 3 ] DEBUG Engine               - class com.almasb.fxgl.ui.FXGLUIFactoryServiceProvider
15:46:37.263 [FXGL Background Thread 3 ] DEBUG Engine               - class com.almasb.fxgl.ui.FXGLDialogFactoryServiceProvider
15:46:37.263 [FXGL Background Thread 3 ] DEBUG Engine               - class com.almasb.fxgl.audio.AudioPlayer
15:46:37.263 [FXGL Background Thread 3 ] DEBUG Engine               - class com.almasb.fxgl.notification.impl.NotificationServiceProvider
15:46:37.264 [FXGL Background Thread 3 ] DEBUG Engine               - class com.almasb.fxgl.achievement.AchievementService
15:46:37.264 [FXGL Background Thread 3 ] DEBUG Engine               - class com.almasb.fxgl.cutscene.CutsceneService
15:46:37.264 [FXGL Background Thread 3 ] DEBUG Engine               - class com.almasb.fxgl.minigames.MiniGameService
15:46:37.264 [FXGL Background Thread 3 ] DEBUG Engine               - class com.almasb.fxgl.net.NetService
15:46:37.264 [FXGL Background Thread 3 ] DEBUG Engine               - class com.almasb.fxgl.app.services.UpdaterService
15:46:37.264 [FXGL Background Thread 3 ] DEBUG Engine               - class com.almasb.fxgl.dev.DevService
15:46:55.512 [FXGL Background Thread 2 ] WARN  UpdaterService       - Failed to find updates: java.net.ConnectException: Connection timed out: connect
15:48:25.874 [JavaFX Application Thread] DEBUG FXGLApplication      - Exiting FXGL
15:48:25.874 [JavaFX Application Thread] DEBUG LoopRunner           - Stopping loop
15:48:25.874 [JavaFX Application Thread] DEBUG SystemBundleService  - Saving FXGL system data
15:48:25.876 [JavaFX Application Thread] DEBUG FileSystemAccess     - Writing to: D:\Codes\Java\PingPong\system\fxgl.bundle
15:48:25.878 [JavaFX Application Thread] DEBUG Async                - Shutting down background threads
15:48:25.878 [JavaFX Application Thread] DEBUG PrimaryStageWindow   - Closing main window
15:48:25.906 [JavaFX Application Thread] DEBUG Logger               - Closing Logger
