21:43:01.969 [main                     ] DEBUG Logger               - Configured Logger
21:43:01.991 [main                     ] DEBUG GameApplication      - Logging settings
Title: Ping Pong
Version: 1.1
Width: 800
Height: 600
Fullscreen: false
Intro: false
Profiling: false
Single step:false
App Mode: DEVELOPER
Menu Key: ESCAPE
Stage Style: DECORATED
Scene Factory: class com.PongSceneFactory

21:43:02.399 [JavaFX Application Thread] DEBUG FXGLApplication      - Initializing FXGL
21:43:02.404 [JavaFX Application Thread] INFO  Engine               - FXGL-17.3 (30.03.2023 11.49) on WINDOWS (J:17.0.12 FX:17.0.6)
21:43:02.404 [JavaFX Application Thread] DEBUG Engine               - JRE Vendor Name: Microsoft
21:43:02.405 [JavaFX Application Thread] DEBUG Engine               - Running on OS: Windows 11 version 10.0
21:43:02.405 [JavaFX Application Thread] DEBUG Engine               - Architecture: amd64
21:43:02.405 [JavaFX Application Thread] INFO  Engine               - Source code and latest versions at: https://github.com/AlmasB/FXGL
21:43:02.405 [JavaFX Application Thread] INFO  Engine               -       Ask questions and discuss at: https://github.com/AlmasB/FXGL/discussions
21:43:02.405 [JavaFX Application Thread] INFO  Engine               -              Join the FXGL chat at: https://gitter.im/AlmasB/FXGL
21:43:02.482 [JavaFX Application Thread] DEBUG PrimaryStageWindow   - Creating a JavaFX scene
21:43:02.515 [JavaFX Application Thread] DEBUG PrimaryStageWindow   - Target settings size: 800.0 x 600.0
21:43:02.517 [JavaFX Application Thread] DEBUG PrimaryStageWindow   - Scaled scene size:    800.0 x 600.0
21:43:02.517 [JavaFX Application Thread] DEBUG PrimaryStageWindow   - Scaled ratio: (1.0, 1.0)
21:43:02.517 [JavaFX Application Thread] DEBUG PrimaryStageWindow   - Set initial scene to FXGLStartupScene
21:43:02.522 [JavaFX Application Thread] DEBUG PrimaryStageWindow   - Opening main window
21:43:02.714 [JavaFX Application Thread] DEBUG PrimaryStageWindow   - Window border size: (22.0, 56.0)
21:43:02.714 [JavaFX Application Thread] DEBUG PrimaryStageWindow   - Scaled size: 800.0 x 600.0
21:43:02.714 [JavaFX Application Thread] DEBUG PrimaryStageWindow   - Scaled ratio: (1.0, 1.0)
21:43:02.714 [JavaFX Application Thread] DEBUG PrimaryStageWindow   - Scene size: 800.0 x 600.0
21:43:02.714 [JavaFX Application Thread] DEBUG PrimaryStageWindow   - Stage size: 822.0 x 656.0
21:43:02.720 [FXGL Background Thread 1 ] DEBUG Engine               - Initializing environment variables
21:43:02.782 [FXGL Background Thread 1 ] DEBUG FXGLAssetLoaderServi - User app class for loading assets: class com.PongApp
21:43:02.782 [FXGL Background Thread 1 ] DEBUG GameApplicationServi - Applying CSS: fxgl_dark.css
21:43:02.782 [FXGL Background Thread 1 ] DEBUG FXGLAssetLoaderServi - Loading from file system: jar:file:///C:/Users/SUN/.m2/repository/com/github/almasb/fxgl/17.3/fxgl-17.3.jar!/fxglassets/ui/css/fxgl_dark.css
21:43:02.808 [FXGL Background Thread 1 ] DEBUG GameApplicationServi - Initializing application scenes
21:43:02.927 [FXGL Background Thread 1 ] DEBUG GameWorld            - Game world initialized
21:43:02.962 [FXGL Background Thread 1 ] DEBUG PhysicsWorld         - Physics world initialized: appHeight=600, physics.ppm=50.0
21:43:02.962 [FXGL Background Thread 1 ] DEBUG PhysicsWorld         - Using strategy: BRUTE_FORCE
21:43:02.965 [FXGL Background Thread 1 ] DEBUG GameScene            - Game scene initialized: 800x600
21:43:02.974 [FXGL Background Thread 1 ] DEBUG FXGL.DefaultMenu     - createMenuBodyGameMenu()
21:43:02.995 [FXGL Background Thread 1 ] DEBUG FXGL.DefaultMenu     - createOptionsMenu()
21:43:03.002 [FXGL Background Thread 1 ] DEBUG FXGLAssetLoaderServi - Loading from file system: jar:file:///C:/Users/SUN/.m2/repository/com/github/almasb/fxgl/17.3/fxgl-17.3.jar!/fxglassets/textures/particles/smoke.png
21:43:03.056 [FXGL Background Thread 1 ] DEBUG FXGLAssetLoaderServi - Loading from file system: jar:file:///C:/Users/SUN/.m2/repository/com/github/almasb/fxgl/17.3/fxgl-17.3.jar!/fxglassets/textures/particles/trace_horizontal.png
21:43:03.080 [FXGL Background Thread 1 ] DEBUG GameApplicationServi - Application scenes initialized
21:43:03.087 [FXGL Background Thread 1 ] DEBUG SystemBundleService  - Loading FXGL system data
21:43:03.091 [FXGL Background Thread 1 ] DEBUG FileSystemAccess     - Reading from: D:\Codes\Java\PingPong\system\fxgl.bundle
21:43:03.097 [FXGL Background Thread 1 ] DEBUG SystemBundleService  - Bundle FXGL: {}
21:43:03.097 [FXGL Background Thread 1 ] DEBUG UpdaterService       - Checking for updates
21:43:03.100 [FXGL Background Thread 4 ] DEBUG FXGLApplication      - Loading fonts
21:43:03.100 [FXGL Background Thread 4 ] DEBUG FXGLAssetLoaderServi - Loading from file system: jar:file:///C:/Users/SUN/.m2/repository/com/github/almasb/fxgl/17.3/fxgl-17.3.jar!/fxglassets/ui/fonts/VarelaRound-Regular.ttf
21:43:03.100 [FXGL Background Thread 1 ] DEBUG FXGLApplication      - Loading default localization
21:43:03.101 [FXGL Background Thread 1 ] DEBUG FXGLAssetLoaderServi - Loading from file system: jar:file:///C:/Users/SUN/.m2/repository/com/github/almasb/fxgl/17.3/fxgl-17.3.jar!/fxglassets/languages/english.lang
21:43:03.122 [FXGL Background Thread 1 ] INFO  FXGLApplication      - FXGL initialization took: 0.402 sec
21:43:03.126 [JavaFX Application Thread] DEBUG Input                - Registered new binding: Player 1 Up - W
21:43:03.127 [JavaFX Application Thread] DEBUG Input                - Registered new binding: Player 1 Down - S
21:43:03.127 [JavaFX Application Thread] DEBUG Input                - Registered new binding: Player 2 Up - Up
21:43:03.127 [JavaFX Application Thread] DEBUG Input                - Registered new binding: Player 2 Down - Down
21:43:03.127 [JavaFX Application Thread] DEBUG FXGLAssetLoaderServi - Loading from file system: jar:file:///C:/Users/SUN/.m2/repository/com/github/almasb/fxgl/17.3/fxgl-17.3.jar!/fxglassets/textures/fxgl_icon.png
21:43:03.143 [JavaFX Application Thread] DEBUG FXGLAssetLoaderServi - Loading from file system: jar:file:///C:/Users/SUN/.m2/repository/com/github/almasb/fxgl/17.3/fxgl-17.3.jar!/fxglassets/textures/fxgl_default_cursor.png
21:43:03.144 [JavaFX Application Thread] DEBUG Input                - Registered new binding: Screenshot - CTRL+8
21:43:03.144 [JavaFX Application Thread] DEBUG Input                - Registered new binding: System info dump - CTRL+9
21:43:03.145 [JavaFX Application Thread] DEBUG Input                - Registered new binding: Restart - CTRL+R
21:43:03.145 [JavaFX Application Thread] DEBUG Input                - Registered new binding: Toggle Debug Camera - CTRL+7
21:43:03.148 [FXGL Background Thread 4 ] DEBUG FXGLAssetLoaderServi - Loading from file system: jar:file:///C:/Users/SUN/.m2/repository/com/github/almasb/fxgl/17.3/fxgl-17.3.jar!/fxglassets/ui/fonts/Abel-Regular.ttf
21:43:03.148 [JavaFX Application Thread] DEBUG LoopRunner           - Starting loop
21:43:03.148 [JavaFX Application Thread] DEBUG LoopRunner           - Initializing JavaFX AnimationTimerLoop
21:43:03.150 [JavaFX Application Thread] DEBUG Input                - Clearing active input actions
21:43:03.150 [FXGL Background Thread 4 ] DEBUG FXGLAssetLoaderServi - Loading from file system: jar:file:///C:/Users/SUN/.m2/repository/com/github/almasb/fxgl/17.3/fxgl-17.3.jar!/fxglassets/ui/fonts/TerminalLandMono-Regular.otf
21:43:03.154 [FXGL Background Thread 4 ] DEBUG FXGLAssetLoaderServi - Loading from file system: jar:file:///C:/Users/SUN/.m2/repository/com/github/almasb/fxgl/17.3/fxgl-17.3.jar!/fxglassets/ui/fonts/Courier-Prime.ttf
21:43:03.154 [JavaFX Application Thread] DEBUG GameApplicationServi - Removing overlay from FXGLStartupScene and adding to FXGLMainMenuDummyScene
21:43:03.155 [JavaFX Application Thread] DEBUG PrimaryStageWindow   - FXGLStartupScene -> FXGLMainMenuDummyScene
21:43:03.155 [JavaFX Application Thread] DEBUG PrimaryStageWindow   - Push state: 
21:43:03.165 [JavaFX Application Thread] DEBUG Input                - Clearing active input actions
21:43:03.167 [JavaFX Application Thread] DEBUG GameApplicationServi - Removing overlay from FXGLMainMenuDummyScene and adding to 
21:43:03.167 [JavaFX Application Thread] DEBUG PrimaryStageWindow   - FXGLMainMenuDummyScene -> 
21:43:03.167 [JavaFX Application Thread] DEBUG FXGLApplication      - Registering font factories with UI factory
21:43:04.130 [FXGL Background Thread 2 ] INFO  UpdaterService       - Your current version:  17.3
21:43:04.130 [FXGL Background Thread 2 ] INFO  UpdaterService       - Latest stable version: 21.1
21:43:06.101 [FXGL Background Thread 3 ] DEBUG Engine               - Logging environment variables
21:43:06.101 [FXGL Background Thread 3 ] DEBUG Engine               - achievements: []
21:43:06.101 [FXGL Background Thread 3 ] DEBUG Engine               - actualHeight: 600.0
21:43:06.101 [FXGL Background Thread 3 ] DEBUG Engine               - actualHeightProperty: ReadOnlyDoubleProperty [value: 600.0]
21:43:06.101 [FXGL Background Thread 3 ] DEBUG Engine               - actualWidth: 800.0
21:43:06.101 [FXGL Background Thread 3 ] DEBUG Engine               - actualWidthProperty: ReadOnlyDoubleProperty [value: 800.0]
21:43:06.101 [FXGL Background Thread 3 ] DEBUG Engine               - appIcon: fxgl_icon.png
21:43:06.101 [FXGL Background Thread 3 ] DEBUG Engine               - applicationMode: DEVELOPER
21:43:06.101 [FXGL Background Thread 3 ] DEBUG Engine               - cSSList: [fxgl_dark.css]
21:43:06.101 [FXGL Background Thread 3 ] DEBUG Engine               - collisionDetectionStrategy: BRUTE_FORCE
21:43:06.102 [FXGL Background Thread 3 ] DEBUG Engine               - configClass: Optional.empty
21:43:06.102 [FXGL Background Thread 3 ] DEBUG Engine               - credits: []
21:43:06.102 [FXGL Background Thread 3 ] DEBUG Engine               - defaultCursor: CursorInfo(imageName=fxgl_default_cursor.png, hotspotX=7.0, hotspotY=6.0)
21:43:06.102 [FXGL Background Thread 3 ] DEBUG Engine               - devBBoxColorProperty: ObjectProperty [value: 0xff0000ff]
21:43:06.102 [FXGL Background Thread 3 ] DEBUG Engine               - devEnableDebugCameraProperty: BooleanProperty [value: false]
21:43:06.102 [FXGL Background Thread 3 ] DEBUG Engine               - devSensorColorProperty: ObjectProperty [value: 0xffff00ff]
21:43:06.102 [FXGL Background Thread 3 ] DEBUG Engine               - devShowBBoxProperty: BooleanProperty [value: false]
21:43:06.102 [FXGL Background Thread 3 ] DEBUG Engine               - devShowPositionProperty: BooleanProperty [value: false]
21:43:06.102 [FXGL Background Thread 3 ] DEBUG Engine               - enabledMenuItems: []
21:43:06.102 [FXGL Background Thread 3 ] DEBUG Engine               - engineServices: [class com.almasb.fxgl.app.services.FXGLAssetLoaderService, class com.almasb.fxgl.app.FXGLApplication$GameApplicationService, class com.almasb.fxgl.app.services.FXGLDialogService, class com.almasb.fxgl.app.services.IOTaskExecutorService, class com.almasb.fxgl.io.FileSystemService, class com.almasb.fxgl.localization.LocalizationService, class com.almasb.fxgl.app.services.SystemBundleService, class com.almasb.fxgl.profile.SaveLoadService, class com.almasb.fxgl.ui.FXGLUIFactoryServiceProvider, class com.almasb.fxgl.ui.FXGLDialogFactoryServiceProvider, class com.almasb.fxgl.audio.AudioPlayer, class com.almasb.fxgl.notification.impl.NotificationServiceProvider, class com.almasb.fxgl.achievement.AchievementService, class com.almasb.fxgl.cutscene.CutsceneService, class com.almasb.fxgl.minigames.MiniGameService, class com.almasb.fxgl.net.NetService, class com.almasb.fxgl.app.services.UpdaterService, class com.almasb.fxgl.dev.DevService]
21:43:06.102 [FXGL Background Thread 3 ] DEBUG Engine               - fontGame: Abel-Regular.ttf
21:43:06.102 [FXGL Background Thread 3 ] DEBUG Engine               - fontMono: TerminalLandMono-Regular.otf
21:43:06.102 [FXGL Background Thread 3 ] DEBUG Engine               - fontSizeScaleUI: 1.0
21:43:06.102 [FXGL Background Thread 3 ] DEBUG Engine               - fontText: Courier-Prime.ttf
21:43:06.102 [FXGL Background Thread 3 ] DEBUG Engine               - fontUI: VarelaRound-Regular.ttf
21:43:06.102 [FXGL Background Thread 3 ] DEBUG Engine               - fullScreen: BooleanProperty [value: false]
21:43:06.102 [FXGL Background Thread 3 ] DEBUG Engine               - gameDifficulty: MEDIUM
21:43:06.102 [FXGL Background Thread 3 ] DEBUG Engine               - gameDifficultyProperty: ObjectProperty [value: MEDIUM]
21:43:06.102 [FXGL Background Thread 3 ] DEBUG Engine               - globalMusicVolume: 0.5
21:43:06.102 [FXGL Background Thread 3 ] DEBUG Engine               - globalMusicVolumeProperty: DoubleProperty [value: 0.5]
21:43:06.102 [FXGL Background Thread 3 ] DEBUG Engine               - globalSoundVolume: 0.5
21:43:06.102 [FXGL Background Thread 3 ] DEBUG Engine               - globalSoundVolumeProperty: DoubleProperty [value: 0.5]
21:43:06.102 [FXGL Background Thread 3 ] DEBUG Engine               - height: 600
21:43:06.102 [FXGL Background Thread 3 ] DEBUG Engine               - is3D: false
21:43:06.103 [FXGL Background Thread 3 ] DEBUG Engine               - isAndroid: false
21:43:06.103 [FXGL Background Thread 3 ] DEBUG Engine               - isBrowser: false
21:43:06.103 [FXGL Background Thread 3 ] DEBUG Engine               - isClickFeedbackEnabled: false
21:43:06.103 [FXGL Background Thread 3 ] DEBUG Engine               - isCloseConfirmation: false
21:43:06.103 [FXGL Background Thread 3 ] DEBUG Engine               - isDesktop: true
21:43:06.103 [FXGL Background Thread 3 ] DEBUG Engine               - isDeveloperMenuEnabled: false
21:43:06.103 [FXGL Background Thread 3 ] DEBUG Engine               - isEmbedded: false
21:43:06.103 [FXGL Background Thread 3 ] DEBUG Engine               - isEntityPreloadEnabled: true
21:43:06.103 [FXGL Background Thread 3 ] DEBUG Engine               - isExperimentalTiledLargeMap: false
21:43:06.103 [FXGL Background Thread 3 ] DEBUG Engine               - isFileSystemWriteAllowed: true
21:43:06.103 [FXGL Background Thread 3 ] DEBUG Engine               - isFullScreenAllowed: false
21:43:06.103 [FXGL Background Thread 3 ] DEBUG Engine               - isFullScreenFromStart: false
21:43:06.103 [FXGL Background Thread 3 ] DEBUG Engine               - isGameMenuEnabled: true
21:43:06.103 [FXGL Background Thread 3 ] DEBUG Engine               - isIOS: false
21:43:06.103 [FXGL Background Thread 3 ] DEBUG Engine               - isIntroEnabled: false
21:43:06.103 [FXGL Background Thread 3 ] DEBUG Engine               - isLinux: false
21:43:06.103 [FXGL Background Thread 3 ] DEBUG Engine               - isMac: false
21:43:06.103 [FXGL Background Thread 3 ] DEBUG Engine               - isMainMenuEnabled: true
21:43:06.103 [FXGL Background Thread 3 ] DEBUG Engine               - isManualResizeEnabled: true
21:43:06.103 [FXGL Background Thread 3 ] DEBUG Engine               - isMobile: false
21:43:06.103 [FXGL Background Thread 3 ] DEBUG Engine               - isNative: false
21:43:06.103 [FXGL Background Thread 3 ] DEBUG Engine               - isPauseMusicWhenMinimized: true
21:43:06.103 [FXGL Background Thread 3 ] DEBUG Engine               - isPreserveResizeRatio: false
21:43:06.103 [FXGL Background Thread 3 ] DEBUG Engine               - isProfilingEnabled: false
21:43:06.103 [FXGL Background Thread 3 ] DEBUG Engine               - isScaleAffectedOnResize: true
21:43:06.103 [FXGL Background Thread 3 ] DEBUG Engine               - isSingleStep: false
21:43:06.103 [FXGL Background Thread 3 ] DEBUG Engine               - isUserProfileEnabled: false
21:43:06.103 [FXGL Background Thread 3 ] DEBUG Engine               - isWindows: true
21:43:06.103 [FXGL Background Thread 3 ] DEBUG Engine               - language: ObjectProperty [value: ENGLISH]
21:43:06.103 [FXGL Background Thread 3 ] DEBUG Engine               - menuKey: ESCAPE
21:43:06.103 [FXGL Background Thread 3 ] DEBUG Engine               - mouseSensitivity: 0.2
21:43:06.103 [FXGL Background Thread 3 ] DEBUG Engine               - notificationViewClass: class com.almasb.fxgl.notification.view.XboxNotificationView
21:43:06.103 [FXGL Background Thread 3 ] DEBUG Engine               - pixelsPerMeter: 50.0
21:43:06.103 [FXGL Background Thread 3 ] DEBUG Engine               - platform: WINDOWS
21:43:06.103 [FXGL Background Thread 3 ] DEBUG Engine               - prefHeightProperty: ReadOnlyDoubleProperty [value: 600.0]
21:43:06.104 [FXGL Background Thread 3 ] DEBUG Engine               - prefWidthProperty: ReadOnlyDoubleProperty [value: 800.0]
21:43:06.104 [FXGL Background Thread 3 ] DEBUG Engine               - profileDir: profiles/
21:43:06.104 [FXGL Background Thread 3 ] DEBUG Engine               - profileName: StringProperty [value: DEFAULT]
21:43:06.104 [FXGL Background Thread 3 ] DEBUG Engine               - randomSeed: -1
21:43:06.104 [FXGL Background Thread 3 ] DEBUG Engine               - runtimeInfo: RuntimeInfo(platform=WINDOWS, version=17.3, build=30.03.2023 11.49)
21:43:06.104 [FXGL Background Thread 3 ] DEBUG Engine               - saveFileExt: sav
21:43:06.104 [FXGL Background Thread 3 ] DEBUG Engine               - scaledHeightProp$fxgl: DoubleProperty [bound, value: 600.0]
21:43:06.104 [FXGL Background Thread 3 ] DEBUG Engine               - scaledWidthProp$fxgl: DoubleProperty [bound, value: 800.0]
21:43:06.104 [FXGL Background Thread 3 ] DEBUG Engine               - sceneFactory: com.PongSceneFactory@2c63fa87
21:43:06.104 [FXGL Background Thread 3 ] DEBUG Engine               - secondsIn24h: 60
21:43:06.104 [FXGL Background Thread 3 ] DEBUG Engine               - soundMenuBack: menu/back.wav
21:43:06.104 [FXGL Background Thread 3 ] DEBUG Engine               - soundMenuPress: menu/press.wav
21:43:06.104 [FXGL Background Thread 3 ] DEBUG Engine               - soundMenuSelect: menu/select.wav
21:43:06.104 [FXGL Background Thread 3 ] DEBUG Engine               - soundNotification: core/notification.wav
21:43:06.104 [FXGL Background Thread 3 ] DEBUG Engine               - stageStyle: DECORATED
21:43:06.104 [FXGL Background Thread 3 ] DEBUG Engine               - supportedLanguages: [ENGLISH, FRENCH, GERMAN, HUNGARIAN, RUSSIAN]
21:43:06.104 [FXGL Background Thread 3 ] DEBUG Engine               - ticksPerSecond: -1
21:43:06.104 [FXGL Background Thread 3 ] DEBUG Engine               - title: Ping Pong
21:43:06.104 [FXGL Background Thread 3 ] DEBUG Engine               - urlGithub: https://github.com/AlmasB/FXGL
21:43:06.104 [FXGL Background Thread 3 ] DEBUG Engine               - urlLeaderboard: http://fxgl-top.herokuapp.com/
21:43:06.104 [FXGL Background Thread 3 ] DEBUG Engine               - urlPOM: https://raw.githubusercontent.com/AlmasB/FXGL/release/README.md
21:43:06.104 [FXGL Background Thread 3 ] DEBUG Engine               - userAppClass: class com.PongApp
21:43:06.104 [FXGL Background Thread 3 ] DEBUG Engine               - version: 1.1
21:43:06.104 [FXGL Background Thread 3 ] DEBUG Engine               - versionCheckDays: 7
21:43:06.104 [FXGL Background Thread 3 ] DEBUG Engine               - width: 800
21:43:06.104 [FXGL Background Thread 3 ] DEBUG Engine               - Logging services
21:43:06.104 [FXGL Background Thread 3 ] DEBUG Engine               - class com.almasb.fxgl.app.services.FXGLAssetLoaderService
21:43:06.104 [FXGL Background Thread 3 ] DEBUG Engine               - class com.almasb.fxgl.app.FXGLApplication$GameApplicationService
21:43:06.104 [FXGL Background Thread 3 ] DEBUG Engine               - class com.almasb.fxgl.app.services.FXGLDialogService
21:43:06.104 [FXGL Background Thread 3 ] DEBUG Engine               - class com.almasb.fxgl.app.services.IOTaskExecutorService
21:43:06.104 [FXGL Background Thread 3 ] DEBUG Engine               - class com.almasb.fxgl.io.FileSystemService
21:43:06.104 [FXGL Background Thread 3 ] DEBUG Engine               - class com.almasb.fxgl.localization.LocalizationService
21:43:06.104 [FXGL Background Thread 3 ] DEBUG Engine               - class com.almasb.fxgl.app.services.SystemBundleService
21:43:06.105 [FXGL Background Thread 3 ] DEBUG Engine               - class com.almasb.fxgl.profile.SaveLoadService
21:43:06.105 [FXGL Background Thread 3 ] DEBUG Engine               - class com.almasb.fxgl.ui.FXGLUIFactoryServiceProvider
21:43:06.105 [FXGL Background Thread 3 ] DEBUG Engine               - class com.almasb.fxgl.ui.FXGLDialogFactoryServiceProvider
21:43:06.105 [FXGL Background Thread 3 ] DEBUG Engine               - class com.almasb.fxgl.audio.AudioPlayer
21:43:06.105 [FXGL Background Thread 3 ] DEBUG Engine               - class com.almasb.fxgl.notification.impl.NotificationServiceProvider
21:43:06.105 [FXGL Background Thread 3 ] DEBUG Engine               - class com.almasb.fxgl.achievement.AchievementService
21:43:06.105 [FXGL Background Thread 3 ] DEBUG Engine               - class com.almasb.fxgl.cutscene.CutsceneService
21:43:06.105 [FXGL Background Thread 3 ] DEBUG Engine               - class com.almasb.fxgl.minigames.MiniGameService
21:43:06.105 [FXGL Background Thread 3 ] DEBUG Engine               - class com.almasb.fxgl.net.NetService
21:43:06.105 [FXGL Background Thread 3 ] DEBUG Engine               - class com.almasb.fxgl.app.services.UpdaterService
21:43:06.105 [FXGL Background Thread 3 ] DEBUG Engine               - class com.almasb.fxgl.dev.DevService
21:43:32.988 [JavaFX Application Thread] DEBUG GameApplicationServi - Starting new game
21:43:32.988 [JavaFX Application Thread] DEBUG PrimaryStageWindow   - Pop state: 
21:43:32.988 [JavaFX Application Thread] DEBUG Input                - Clearing active input actions
21:43:32.989 [JavaFX Application Thread] DEBUG GameApplicationServi - Removing overlay from  and adding to FXGLMainMenuDummyScene
21:43:32.989 [JavaFX Application Thread] DEBUG PrimaryStageWindow   - FXGLMainMenuDummyScene <- 
21:43:32.989 [JavaFX Application Thread] DEBUG Input                - Clearing active input actions
21:43:32.993 [JavaFX Application Thread] DEBUG GameApplicationServi - Removing overlay from FXGLMainMenuDummyScene and adding to FXGLLoadingScene
21:43:32.993 [JavaFX Application Thread] DEBUG PrimaryStageWindow   - FXGLMainMenuDummyScene -> FXGLLoadingScene
21:43:32.993 [JavaFX Application Thread] DEBUG GameApplicationServi - Clearing previous game
21:43:32.993 [JavaFX Application Thread] DEBUG GameScene            - Clearing game scene
21:43:32.994 [JavaFX Application Thread] DEBUG GameWorld            - Clearing game world
21:43:32.994 [JavaFX Application Thread] DEBUG PhysicsWorld         - Clearing physics world
21:43:32.995 [FXGL Background Thread 2 ] DEBUG FXGLApplication      - Initializing game
21:43:32.996 [FXGL Background Thread 2 ] DEBUG FXGLAssetLoaderServi - Loading from file system: file:/D:/Codes/Java/PingPong/target/classes/assets/sounds/hit_bat_new.wav
21:43:33.109 [FXGL Background Thread 2 ] DEBUG FXGLAssetLoaderServi - Loading from file system: file:/D:/Codes/Java/PingPong/target/classes/assets/sounds/hit_wall_new.wav
21:43:33.133 [FXGL Background Thread 2 ] WARN  Entity               - Entity already has component: com.almasb.fxgl.physics.PhysicsComponent
21:43:33.134 [FXGL Background Thread 2 ] INFO  FXGLApplication      - Game initialization took: 0.140 sec
21:43:33.143 [JavaFX Application Thread] DEBUG Input                - Clearing active input actions
21:43:33.147 [JavaFX Application Thread] DEBUG GameApplicationServi - Removing overlay from FXGLLoadingScene and adding to GameScene
21:43:33.147 [JavaFX Application Thread] DEBUG PrimaryStageWindow   - FXGLLoadingScene -> GameScene
21:44:41.812 [JavaFX Application Thread] DEBUG FXGLApplication      - Exiting FXGL
21:44:41.812 [JavaFX Application Thread] DEBUG LoopRunner           - Stopping loop
21:44:41.812 [JavaFX Application Thread] DEBUG SystemBundleService  - Saving FXGL system data
21:44:41.814 [JavaFX Application Thread] DEBUG FileSystemAccess     - Writing to: D:\Codes\Java\PingPong\system\fxgl.bundle
21:44:41.816 [JavaFX Application Thread] DEBUG Async                - Shutting down background threads
21:44:41.816 [JavaFX Application Thread] DEBUG PrimaryStageWindow   - Closing main window
21:44:41.826 [JavaFX Application Thread] DEBUG Logger               - Closing Logger
